[2021-09-30 14:34:11Z INFO HostContext] No proxy settings were found based on environmental variables (http_proxy/https_proxy/HTTP_PROXY/HTTPS_PROXY)
[2021-09-30 14:34:11Z INFO HostContext] Well known directory 'Bin': '/home/qito/go/src/hw-server-deploy/actions-runner/bin'
[2021-09-30 14:34:11Z INFO HostContext] Well known directory 'Root': '/home/qito/go/src/hw-server-deploy/actions-runner'
[2021-09-30 14:34:11Z INFO HostContext] Well known config file 'Credentials': '/home/qito/go/src/hw-server-deploy/actions-runner/.credentials'
[2021-09-30 14:34:11Z INFO Listener] Runner is built for Linux (X64) - linux-x64.
[2021-09-30 14:34:11Z INFO Listener] RuntimeInformation: Linux 5.4.0-84-generic #94-Ubuntu SMP Thu Aug 26 20:27:37 UTC 2021.
[2021-09-30 14:34:11Z INFO Listener] Version: 2.283.1
[2021-09-30 14:34:11Z INFO Listener] Commit: e6baf0d2755bc747d0eb58f24941e273d16c6524
[2021-09-30 14:34:11Z INFO Listener] Culture: en-US
[2021-09-30 14:34:11Z INFO Listener] UI Culture: en-US
[2021-09-30 14:34:11Z INFO HostContext] Well known directory 'Bin': '/home/qito/go/src/hw-server-deploy/actions-runner/bin'
[2021-09-30 14:34:11Z INFO HostContext] Well known directory 'Root': '/home/qito/go/src/hw-server-deploy/actions-runner'
[2021-09-30 14:34:11Z INFO Listener] Validating directory permissions for: '/home/qito/go/src/hw-server-deploy/actions-runner'
[2021-09-30 14:34:12Z INFO CommandLineParser] Parse
[2021-09-30 14:34:12Z INFO CommandLineParser] Parsing 5 args
[2021-09-30 14:34:12Z INFO CommandLineParser] parsing argument
[2021-09-30 14:34:12Z INFO CommandLineParser] HasArgs: False
[2021-09-30 14:34:12Z INFO CommandLineParser] Adding Command: configure
[2021-09-30 14:34:12Z INFO CommandLineParser] parsing argument
[2021-09-30 14:34:12Z INFO CommandLineParser] HasArgs: True
[2021-09-30 14:34:12Z INFO CommandLineParser] arg: url
[2021-09-30 14:34:12Z INFO CommandLineParser] parsing argument
[2021-09-30 14:34:12Z INFO CommandLineParser] HasArgs: True
[2021-09-30 14:34:12Z INFO CommandLineParser] Adding option 'url': 'https://github.com/rizqito/hw-server-deploy'
[2021-09-30 14:34:12Z INFO CommandLineParser] parsing argument
[2021-09-30 14:34:12Z INFO CommandLineParser] HasArgs: True
[2021-09-30 14:34:12Z INFO CommandLineParser] arg: token
[2021-09-30 14:34:12Z INFO CommandLineParser] parsing argument
[2021-09-30 14:34:12Z INFO CommandLineParser] HasArgs: True
[2021-09-30 14:34:12Z INFO CommandLineParser] Adding option 'token': '***'
[2021-09-30 14:34:12Z INFO Listener] Arguments parsed
[2021-09-30 14:34:12Z INFO Runner] ExecuteCommand
[2021-09-30 14:34:12Z INFO ConfigurationStore] currentAssemblyLocation: /home/qito/go/src/hw-server-deploy/actions-runner/bin/Runner.Listener.dll
[2021-09-30 14:34:12Z INFO HostContext] Well known directory 'Bin': '/home/qito/go/src/hw-server-deploy/actions-runner/bin'
[2021-09-30 14:34:12Z INFO ConfigurationStore] binPath: /home/qito/go/src/hw-server-deploy/actions-runner/bin
[2021-09-30 14:34:12Z INFO HostContext] Well known directory 'Bin': '/home/qito/go/src/hw-server-deploy/actions-runner/bin'
[2021-09-30 14:34:12Z INFO HostContext] Well known directory 'Root': '/home/qito/go/src/hw-server-deploy/actions-runner'
[2021-09-30 14:34:12Z INFO ConfigurationStore] RootFolder: /home/qito/go/src/hw-server-deploy/actions-runner
[2021-09-30 14:34:12Z INFO HostContext] Well known directory 'Bin': '/home/qito/go/src/hw-server-deploy/actions-runner/bin'
[2021-09-30 14:34:12Z INFO HostContext] Well known directory 'Root': '/home/qito/go/src/hw-server-deploy/actions-runner'
[2021-09-30 14:34:12Z INFO HostContext] Well known config file 'Runner': '/home/qito/go/src/hw-server-deploy/actions-runner/.runner'
[2021-09-30 14:34:12Z INFO ConfigurationStore] ConfigFilePath: /home/qito/go/src/hw-server-deploy/actions-runner/.runner
[2021-09-30 14:34:12Z INFO HostContext] Well known directory 'Bin': '/home/qito/go/src/hw-server-deploy/actions-runner/bin'
[2021-09-30 14:34:12Z INFO HostContext] Well known directory 'Root': '/home/qito/go/src/hw-server-deploy/actions-runner'
[2021-09-30 14:34:12Z INFO HostContext] Well known config file 'Credentials': '/home/qito/go/src/hw-server-deploy/actions-runner/.credentials'
[2021-09-30 14:34:12Z INFO ConfigurationStore] CredFilePath: /home/qito/go/src/hw-server-deploy/actions-runner/.credentials
[2021-09-30 14:34:12Z INFO HostContext] Well known directory 'Bin': '/home/qito/go/src/hw-server-deploy/actions-runner/bin'
[2021-09-30 14:34:12Z INFO HostContext] Well known directory 'Root': '/home/qito/go/src/hw-server-deploy/actions-runner'
[2021-09-30 14:34:12Z INFO HostContext] Well known config file 'MigratedCredentials': '/home/qito/go/src/hw-server-deploy/actions-runner/.credentials_migrated'
[2021-09-30 14:34:12Z INFO ConfigurationStore] MigratedCredFilePath: /home/qito/go/src/hw-server-deploy/actions-runner/.credentials_migrated
[2021-09-30 14:34:12Z INFO HostContext] Well known directory 'Bin': '/home/qito/go/src/hw-server-deploy/actions-runner/bin'
[2021-09-30 14:34:12Z INFO HostContext] Well known directory 'Root': '/home/qito/go/src/hw-server-deploy/actions-runner'
[2021-09-30 14:34:12Z INFO HostContext] Well known config file 'Service': '/home/qito/go/src/hw-server-deploy/actions-runner/.service'
[2021-09-30 14:34:12Z INFO ConfigurationStore] ServiceConfigFilePath: /home/qito/go/src/hw-server-deploy/actions-runner/.service
[2021-09-30 14:34:12Z INFO CommandSettings] Flag 'help': 'False'
[2021-09-30 14:34:12Z INFO CommandSettings] Flag 'version': 'False'
[2021-09-30 14:34:12Z INFO CommandSettings] Flag 'commit': 'False'
[2021-09-30 14:34:12Z INFO CommandSettings] Flag 'check': 'False'
[2021-09-30 14:34:12Z INFO CommandSettings] Command 'configure': 'True'
[2021-09-30 14:34:12Z INFO Terminal] WRITE LINE: 
[2021-09-30 14:34:12Z INFO Terminal] WRITE LINE: --------------------------------------------------------------------------------
[2021-09-30 14:34:12Z INFO Terminal] WRITE LINE: |        ____ _ _   _   _       _          _        _   _                      |
[2021-09-30 14:34:12Z INFO Terminal] WRITE LINE: |       / ___(_) |_| | | |_   _| |__      / \   ___| |_(_) ___  _ __  ___      |
[2021-09-30 14:34:12Z INFO Terminal] WRITE LINE: |      | |  _| | __| |_| | | | | '_ \    / _ \ / __| __| |/ _ \| '_ \/ __|     |
[2021-09-30 14:34:12Z INFO Terminal] WRITE LINE: |      | |_| | | |_|  _  | |_| | |_) |  / ___ \ (__| |_| | (_) | | | \__ \     |
[2021-09-30 14:34:12Z INFO Terminal] WRITE LINE: |       \____|_|\__|_| |_|\__,_|_.__/  /_/   \_\___|\__|_|\___/|_| |_|___/     |
[2021-09-30 14:34:12Z INFO Terminal] WRITE LINE: |                                                                              |
[2021-09-30 14:34:12Z INFO Terminal] WRITE: |                       
[2021-09-30 14:34:12Z INFO Terminal] WRITE: Self-hosted runner registration
[2021-09-30 14:34:12Z INFO Terminal] WRITE LINE:                         |
[2021-09-30 14:34:12Z INFO Terminal] WRITE LINE: |                                                                              |
[2021-09-30 14:34:12Z INFO Terminal] WRITE LINE: --------------------------------------------------------------------------------
[2021-09-30 14:34:12Z INFO ConfigurationManager] ConfigureAsync
[2021-09-30 14:34:12Z INFO ConfigurationStore] IsConfigured()
[2021-09-30 14:34:12Z INFO ConfigurationStore] IsConfigured: False
[2021-09-30 14:34:12Z INFO ConfigurationManager] Is configured: False
[2021-09-30 14:34:12Z INFO CommandSettings] Arg 'url': 'https://github.com/rizqito/hw-server-deploy'
[2021-09-30 14:34:12Z INFO CommandSettings] Remove url from Arg dictionary.
[2021-09-30 14:34:12Z INFO CommandSettings] Arg 'token': '***'
[2021-09-30 14:34:12Z INFO CommandSettings] Remove token from Arg dictionary.
[2021-09-30 14:34:15Z INFO ConfigurationManager] Http response code: OK from 'POST https://api.github.com/actions/runner-registration'
[2021-09-30 14:34:15Z INFO ConfigurationManager] cred retrieved via GitHub auth
[2021-09-30 14:34:15Z INFO RunnerServer] Establish connection with 100 seconds timeout.
[2021-09-30 14:34:15Z INFO GitHubActionsService] Starting operation Location.GetConnectionData
[2021-09-30 14:34:15Z INFO RunnerServer] Establish connection with 60 seconds timeout.
[2021-09-30 14:34:15Z INFO GitHubActionsService] Starting operation Location.GetConnectionData
[2021-09-30 14:34:15Z INFO RunnerServer] Establish connection with 60 seconds timeout.
[2021-09-30 14:34:15Z INFO GitHubActionsService] Starting operation Location.GetConnectionData
[2021-09-30 14:34:18Z INFO GitHubActionsService] Finished operation Location.GetConnectionData
[2021-09-30 14:34:18Z INFO GitHubActionsService] Finished operation Location.GetConnectionData
[2021-09-30 14:34:18Z INFO GitHubActionsService] Finished operation Location.GetConnectionData
[2021-09-30 14:34:18Z INFO Terminal] WRITE LINE: 
[2021-09-30 14:34:18Z INFO ConfigurationManager] Test Connection complete.
[2021-09-30 14:34:18Z INFO HostContext] Well known directory 'Bin': '/home/qito/go/src/hw-server-deploy/actions-runner/bin'
[2021-09-30 14:34:18Z INFO HostContext] Well known directory 'Root': '/home/qito/go/src/hw-server-deploy/actions-runner'
[2021-09-30 14:34:18Z INFO HostContext] Well known config file 'RSACredentials': '/home/qito/go/src/hw-server-deploy/actions-runner/.credentials_rsaparams'
[2021-09-30 14:34:18Z INFO RSAFileKeyManager] Creating new RSA key using 2048-bit key length
[2021-09-30 14:34:18Z INFO RSAFileKeyManager] Successfully saved RSA key parameters to file /home/qito/go/src/hw-server-deploy/actions-runner/.credentials_rsaparams
[2021-09-30 14:34:18Z INFO RSAFileKeyManager] Which: 'chmod'
[2021-09-30 14:34:20Z INFO RSAFileKeyManager] Location: '/usr/bin/chmod'
[2021-09-30 14:34:20Z INFO HostContext] Well known directory 'Bin': '/home/qito/go/src/hw-server-deploy/actions-runner/bin'
[2021-09-30 14:34:20Z INFO HostContext] Well known directory 'Root': '/home/qito/go/src/hw-server-deploy/actions-runner'
[2021-09-30 14:34:20Z INFO ProcessInvokerWrapper] Starting process:
[2021-09-30 14:34:20Z INFO ProcessInvokerWrapper]   File name: '/usr/bin/chmod'
[2021-09-30 14:34:20Z INFO ProcessInvokerWrapper]   Arguments: '600 /home/qito/go/src/hw-server-deploy/actions-runner/.credentials_rsaparams'
[2021-09-30 14:34:20Z INFO ProcessInvokerWrapper]   Working directory: '/home/qito/go/src/hw-server-deploy/actions-runner'
[2021-09-30 14:34:20Z INFO ProcessInvokerWrapper]   Require exit code zero: 'False'
[2021-09-30 14:34:20Z INFO ProcessInvokerWrapper]   Encoding web name:  ; code page: ''
[2021-09-30 14:34:20Z INFO ProcessInvokerWrapper]   Force kill process on cancellation: 'False'
[2021-09-30 14:34:20Z INFO ProcessInvokerWrapper]   Redirected STDIN: 'False'
[2021-09-30 14:34:20Z INFO ProcessInvokerWrapper]   Persist current code page: 'False'
[2021-09-30 14:34:20Z INFO ProcessInvokerWrapper]   Keep redirected STDIN open: 'False'
[2021-09-30 14:34:20Z INFO ProcessInvokerWrapper]   High priority process: 'False'
[2021-09-30 14:34:20Z INFO ProcessInvokerWrapper] Process started with process id 7625, waiting for process exit.
[2021-09-30 14:34:20Z INFO ProcessInvokerWrapper] STDOUT/STDERR stream read finished.
[2021-09-30 14:34:20Z INFO ProcessInvokerWrapper] STDOUT/STDERR stream read finished.
[2021-09-30 14:34:20Z INFO ProcessInvokerWrapper] Finished process 7625 with exit code 0, and elapsed time 00:00:00.0279367.
[2021-09-30 14:34:20Z INFO RSAFileKeyManager] Successfully set permissions for RSA key parameters file /home/qito/go/src/hw-server-deploy/actions-runner/.credentials_rsaparams
[2021-09-30 14:34:20Z INFO CommandSettings] Arg 'runnergroup': ''
[2021-09-30 14:34:20Z INFO CommandSettings] Flag 'unattended': 'False'
[2021-09-30 14:34:20Z INFO PromptManager] ReadValue
[2021-09-30 14:34:20Z INFO Terminal] WRITE: Enter the name of the runner group to add this runner to: 
[2021-09-30 14:34:20Z INFO Terminal] WRITE: [press Enter for Default] 
[2021-09-30 14:34:20Z INFO Terminal] READ LINE
[2021-09-30 14:35:30Z INFO Terminal] Read value: ''
[2021-09-30 14:35:30Z INFO PromptManager] Falling back to the default: 'Default'
[2021-09-30 14:35:30Z INFO Terminal] WRITE LINE: 
[2021-09-30 14:35:30Z INFO ConfigurationManager] Found a self-hosted runner group with id 1 and name Default
[2021-09-30 14:35:30Z INFO CommandSettings] Flag 'ephemeral': 'False'
[2021-09-30 14:35:30Z INFO CommandSettings] Arg 'name': ''
[2021-09-30 14:35:30Z INFO CommandSettings] Flag 'unattended': 'False'
[2021-09-30 14:35:30Z INFO PromptManager] ReadValue
[2021-09-30 14:35:30Z INFO Terminal] WRITE: Enter the name of runner: 
[2021-09-30 14:35:30Z INFO Terminal] WRITE: [press Enter for qito] 
[2021-09-30 14:35:30Z INFO Terminal] READ LINE
[2021-09-30 14:35:33Z INFO Terminal] Read value: ''
[2021-09-30 14:35:33Z INFO PromptManager] Falling back to the default: 'qito'
[2021-09-30 14:35:33Z INFO Terminal] WRITE LINE: 
[2021-09-30 14:35:33Z INFO CommandSettings] Arg 'labels': ''
[2021-09-30 14:35:33Z INFO CommandSettings] Flag 'unattended': 'False'
[2021-09-30 14:35:33Z INFO PromptManager] ReadValue
[2021-09-30 14:35:33Z INFO Terminal] WRITE: This runner will have the following labels: 'self-hosted', 'Linux', 'X64' 
Enter any additional labels (ex. label-1,label-2): 
[2021-09-30 14:35:33Z INFO Terminal] WRITE: [press Enter to skip] 
[2021-09-30 14:35:33Z INFO Terminal] READ LINE
[2021-09-30 14:35:37Z INFO Terminal] Read value: ''
[2021-09-30 14:35:37Z INFO Terminal] WRITE LINE: 
[2021-09-30 14:35:39Z INFO ConfigurationStore] Saving OAuth credential @ /home/qito/go/src/hw-server-deploy/actions-runner/.credentials
[2021-09-30 14:35:39Z INFO ConfigurationStore] Credentials Saved.
[2021-09-30 14:35:39Z INFO ConfigurationStore] HasCredentials()
[2021-09-30 14:35:39Z INFO ConfigurationStore] stored True
[2021-09-30 14:35:39Z INFO CredentialManager] GetCredentialProvider
[2021-09-30 14:35:39Z INFO CredentialManager] Creating type OAuth
[2021-09-30 14:35:39Z INFO CredentialManager] Creating credential type: OAuth
[2021-09-30 14:35:39Z INFO RSAFileKeyManager] Loading RSA key parameters from file /home/qito/go/src/hw-server-deploy/actions-runner/.credentials_rsaparams
[2021-09-30 14:35:39Z INFO RunnerServer] Establish connection with 100 seconds timeout.
[2021-09-30 14:35:39Z INFO GitHubActionsService] Starting operation Location.GetConnectionData
[2021-09-30 14:35:39Z INFO RunnerServer] Establish connection with 60 seconds timeout.
[2021-09-30 14:35:39Z INFO GitHubActionsService] Starting operation Location.GetConnectionData
[2021-09-30 14:35:39Z INFO RunnerServer] Establish connection with 60 seconds timeout.
[2021-09-30 14:35:39Z INFO GitHubActionsService] Starting operation Location.GetConnectionData
[2021-09-30 14:35:40Z INFO GitHubActionsService] Finished operation Location.GetConnectionData
[2021-09-30 14:35:40Z INFO GitHubActionsService] Finished operation Location.GetConnectionData
[2021-09-30 14:35:40Z INFO GitHubActionsService] Finished operation Location.GetConnectionData
[2021-09-30 14:35:41Z WARN GitHubActionsService] Authentication failed with status code 401.
WWW-Authenticate: Bearer
Strict-Transport-Security: max-age=2592000
X-TFS-ProcessId: e8cc4f3a-414d-4ecf-8fa8-f1c6757a8dae
ActivityId: c5d3a342-fd19-4bef-bd9e-bb9b0223901e
X-TFS-Session: 0b6ea9bc-4966-465f-911a-c2467a5b830c
X-VSS-E2EID: ce425c63-9a26-4525-80ca-f81051957e19
X-VSS-SenderDeploymentId: 6074703f-c195-632a-bd61-21691fc86fa5
X-TFS-ServiceError: The+user+%27System%3aPublicAccess%3baaaaaaaa-aaaa-aaaa-aaaa-aaaaaaaaaaaa%27+is+not+authorized+to+access+this+resource.
X-VSS-S2STargetService: 0000005A-0000-8888-8000-000000000000/visualstudio.com
X-Cache: CONFIG_NOCACHE
X-MSEdge-Ref: Ref A: 7A7FFED4C7304355B81CD74D3E24E412 Ref B: JKT30EDGE0119 Ref C: 2021-09-30T14:35:40Z
Date: Thu, 30 Sep 2021 14:35:41 GMT

[2021-09-30 14:35:41Z INFO RSAFileKeyManager] Loading RSA key parameters from file /home/qito/go/src/hw-server-deploy/actions-runner/.credentials_rsaparams
[2021-09-30 14:35:42Z INFO RSAFileKeyManager] Loading RSA key parameters from file /home/qito/go/src/hw-server-deploy/actions-runner/.credentials_rsaparams
[2021-09-30 14:35:43Z INFO GitHubActionsService] AAD Correlation ID for this token request: Unknown
[2021-09-30 14:35:43Z INFO CommandSettings] Arg 'work': ''
[2021-09-30 14:35:43Z INFO CommandSettings] Flag 'unattended': 'False'
[2021-09-30 14:35:43Z INFO PromptManager] ReadValue
[2021-09-30 14:35:43Z INFO Terminal] WRITE: Enter name of work folder: 
[2021-09-30 14:35:43Z INFO Terminal] WRITE: [press Enter for _work] 
[2021-09-30 14:35:43Z INFO Terminal] READ LINE
[2021-09-30 14:35:44Z INFO Terminal] Read value: ''
[2021-09-30 14:35:44Z INFO PromptManager] Falling back to the default: '_work'
[2021-09-30 14:35:44Z INFO ConfigurationStore] Saving runner settings.
[2021-09-30 14:35:44Z INFO ConfigurationStore] Settings Saved.
[2021-09-30 14:35:44Z INFO Terminal] WRITE LINE: 
[2021-09-30 14:35:44Z INFO Terminal] WRITE LINE: 
[2021-09-30 14:35:44Z INFO SystemDControlManager] Service name 'actions.runner.rizqito-hw-server-deploy.qito.service' display name 'GitHub Actions Runner (rizqito-hw-server-deploy.qito)' will be used for service configuration.
[2021-09-30 14:35:44Z INFO HostContext] Well known directory 'Bin': '/home/qito/go/src/hw-server-deploy/actions-runner/bin'
[2021-09-30 14:35:44Z INFO HostContext] Well known directory 'Root': '/home/qito/go/src/hw-server-deploy/actions-runner'
[2021-09-30 14:35:44Z INFO HostContext] Well known directory 'Bin': '/home/qito/go/src/hw-server-deploy/actions-runner/bin'
[2021-09-30 14:35:44Z INFO HostContext] Well known directory 'Bin': '/home/qito/go/src/hw-server-deploy/actions-runner/bin'
[2021-09-30 14:35:44Z INFO HostContext] Well known directory 'Root': '/home/qito/go/src/hw-server-deploy/actions-runner'
[2021-09-30 14:35:44Z INFO UnixUtil] Which: 'chmod'
[2021-09-30 14:35:44Z INFO UnixUtil] Location: '/usr/bin/chmod'
[2021-09-30 14:35:44Z INFO UnixUtil] Running /usr/bin/chmod 755 "/home/qito/go/src/hw-server-deploy/actions-runner/svc.sh"
[2021-09-30 14:35:44Z INFO ProcessInvokerWrapper] Starting process:
[2021-09-30 14:35:44Z INFO ProcessInvokerWrapper]   File name: '/usr/bin/chmod'
[2021-09-30 14:35:44Z INFO ProcessInvokerWrapper]   Arguments: '755 "/home/qito/go/src/hw-server-deploy/actions-runner/svc.sh"'
[2021-09-30 14:35:44Z INFO ProcessInvokerWrapper]   Working directory: '/home/qito/go/src/hw-server-deploy/actions-runner'
[2021-09-30 14:35:44Z INFO ProcessInvokerWrapper]   Require exit code zero: 'True'
[2021-09-30 14:35:44Z INFO ProcessInvokerWrapper]   Encoding web name:  ; code page: ''
[2021-09-30 14:35:44Z INFO ProcessInvokerWrapper]   Force kill process on cancellation: 'False'
[2021-09-30 14:35:44Z INFO ProcessInvokerWrapper]   Redirected STDIN: 'False'
[2021-09-30 14:35:44Z INFO ProcessInvokerWrapper]   Persist current code page: 'False'
[2021-09-30 14:35:44Z INFO ProcessInvokerWrapper]   Keep redirected STDIN open: 'False'
[2021-09-30 14:35:44Z INFO ProcessInvokerWrapper]   High priority process: 'False'
[2021-09-30 14:35:44Z INFO ProcessInvokerWrapper] Updated oom_score_adj to 500 for PID: 7768.
[2021-09-30 14:35:44Z INFO ProcessInvokerWrapper] Process started with process id 7768, waiting for process exit.
[2021-09-30 14:35:44Z INFO ProcessInvokerWrapper] STDOUT/STDERR stream read finished.
[2021-09-30 14:35:44Z INFO ProcessInvokerWrapper] STDOUT/STDERR stream read finished.
[2021-09-30 14:35:44Z INFO ProcessInvokerWrapper] Finished process 7768 with exit code 0, and elapsed time 00:00:00.0044036.
[2021-09-30 14:35:44Z INFO Listener] Runner execution has finished with return code 0
